ERROR:fastapi:Form data requires "python-multipart" to be installed. 
You can install "python-multipart" with: 

pip install python-multipart

INFO:httpx:HTTP Request: POST http://127.0.0.1:11434/api/chat "HTTP/1.1 200 OK"
INFO:app.main2:Question = What is in the image?
INFO:app.main2:Answer = The image is a receipt from the Great Western Hotel. It shows the following items purchased: 

*   300g Sirloin for $38.00
*   400g Bone for $40.00

Total: $79.29 with a credit card surcharge of $1.29.
INFO:app.main2:Thoughts = I analyzed the image and identified the items listed on the receipt, along with the total amount due and the surcharge.
INFO:app.main2:Topic = Receipt Analysis
INFO:httpx:HTTP Request: POST http://127.0.0.1:11434/api/chat "HTTP/1.1 200 OK"
INFO:app.main2:Question = What is in the image?
INFO:app.main2:Answer = The image shows the formula for Newton's method:  x₂ = x₁ - f(x₁) / f'(x₁)
INFO:app.main2:Thoughts = The image shows a formula that is used in numerical methods to approximate the root of a function. It's a key part of Newton's method.
INFO:app.main2:Topic = Newton's Method
INFO:httpx:HTTP Request: POST http://127.0.0.1:11434/api/chat "HTTP/1.1 200 OK"
INFO:app.main2:Question = tell me the story of usa?
INFO:app.main2:Answer = The story of the USA is a vast and complex one, spanning millennia and shaped by countless events and influences. Here's a condensed overview, broken down into key periods:

**1. Indigenous America (Pre-1492):**
*   For thousands of years before European arrival, diverse Native American cultures thrived across North America. These weren't unified nations, but rather hundreds of distinct tribes and nations, each with unique languages, customs, and social structures. They developed sophisticated agriculture (corn, beans, squash – the “Three Sisters”), complex governance systems, and deep connections to the land.
*   Key cultures included the Pueblo peoples of the Southwest, the Iroquois Confederacy in the Northeast, the Mississippian culture in the Midwest, and many others.

**2. European Colonization (1492-1776):**
*   **Columbus's Arrival (1492):** Christopher Columbus's voyages initiated European contact, leading to Spanish, French, Dutch, and English colonization.
*   **Spanish Colonization:** Spain established the first permanent settlements in Florida, the Southwest (present-day California, Arizona, New Mexico, Texas), and Florida. They focused on resource extraction (gold, silver) and converting Native Americans to Christianity.
*   **French Colonization:** France claimed vast territories in Canada and the Mississippi River Valley, establishing New France. They were primarily fur traders and sought to expand their empire.
*   **Dutch Colonization:** The Dutch established New Netherland, centered around New York City, primarily for trade.
*   **English Colonization:** The English established 13 colonies along the Atlantic coast, each with varying degrees of self-governance. They were driven by religious freedom (Puritans in Massachusetts), economic opportunity, and land.

**3. The American Revolution (1775-1783):**
*   Growing tensions between the colonies and Great Britain over taxation, representation, and control.
*   The Declaration of Independence (1776) – a pivotal moment declaring the colonies' independence.
*   The Revolutionary War – a long and difficult struggle for independence, ultimately won with the help of France.

**4. The Early Republic (1783-1860):**
*   **The Constitution (1787):** Established a federal republic with a system of checks and balances.
*   **Westward Expansion:** Driven by Manifest Destiny – the belief that the US was destined to expand across the continent.
*   **Louisiana Purchase (1803):** Doubled the size of the US.
*   **War of 1812:** A conflict with Great Britain that solidified American independence.
*   **Industrial Revolution:** Brought significant economic growth and urbanization.
*   **Slavery:** Became increasingly entrenched, particularly in the South, leading to deep divisions.

**5. The Civil War and Reconstruction (1861-1877):**
*   **Secession:** Southern states seceded from the Union over the issue of slavery.
*   **Civil War (1861-1865):** A bloody conflict that resulted in the Union victory and the abolition of slavery.
*   **Reconstruction (1865-1877):**  Efforts to rebuild the South and integrate formerly enslaved people into society – a period marked by political turmoil and ultimately, the restoration of white supremacy.

**6. The Rise of the United States (1877-Present):**
*   **Industrialization and Urbanization:** Continued growth and transformation of the US economy and society.
*   **Progressive Era (late 19th/early 20th century):** Reforms aimed at addressing social and economic problems.
*   **World Wars I & II:** The US emerged as a global power.
*   **The Cold War (1947-1991):** A period of geopolitical tension with the Soviet Union.
*   **Civil Rights Movement (1950s-1960s):**  A struggle for racial equality.
*   **Globalization and the 21st Century:** The US continues to be a major economic and political power, facing new challenges in the 21st century.

**Important Note:** This is a highly simplified overview. Each of these periods is filled with countless nuances, complexities, and diverse experiences.  The story of the USA is one of both remarkable achievements and profound injustices. “
}
INFO:app.main2:Thoughts = I've provided a detailed overview of the USA's history.  Would you like me to delve deeper into a specific period or aspect, such as the Civil War, the Civil Rights Movement, or a particular Native American culture?
INFO:app.main2:Topic = History of the USA
INFO:httpx:HTTP Request: POST http://127.0.0.1:11434/api/chat "HTTP/1.1 200 OK"
INFO:app.main2:Question = Tell me the story of USA?
INFO:app.main2:Answer = The story of the United States is a long and complex one, spanning thousands of years and filled with incredible transformations. Here's a simplified overview, broken down into key periods:

**1. Indigenous Peoples (Pre-1492):**
*   For over 15,000 years, diverse Native American tribes thrived across North America. These tribes, like the Pueblo, Iroquois, Cherokee, and Navajo, developed sophisticated cultures, languages, and governance systems. They were deeply connected to the land and had a wide range of social structures, from nomadic hunter-gatherers to settled agricultural communities.

**2. European Exploration and Colonization (1492-1775):**
*   **Columbus's Arrival (1492):** Christopher Columbus's voyages initiated European contact with the Americas, though he mistakenly believed he’d reached Asia.
*   **Spanish Colonization:** Spain established colonies in Florida, the Southwest (including California, Texas, and New Mexico), and parts of Central America. They brought Catholicism, introduced horses and livestock, and engaged in extensive mining (especially silver).
*   **French Colonization:** France claimed vast territories in Canada and the Mississippi River Valley, establishing settlements like New Orleans.
*   **English Colonization:** The English established colonies along the Atlantic coast, including Jamestown (1607) and Plymouth (1620). These colonies developed distinct economies and social structures, often based on agriculture and trade.
*   **Conflicts:** Colonists and Native Americans frequently clashed over land and resources.

**3. Revolution and Early Republic (1775-1860):**
*   **American Revolution (1775-1783):** Growing tensions over taxation and representation led to the American Revolution, resulting in independence from Great Britain.
*   **Constitution (1787):** The U.S. Constitution established a federal republic with a system of checks and balances.
*   **Westward Expansion:** The U.S. expanded westward through purchase (Louisiana Purchase in 1803) and acquisition (Texas), often at the expense of Native American tribes.
*   **Industrial Revolution:** The 19th century saw rapid industrialization, particularly in the North, leading to economic and social changes.

**4. Civil War and Reconstruction (1861-1877):**
*   **Civil War (1861-1865):** The issue of slavery divided the nation, leading to the Civil War between the Union (North) and the Confederacy (South).
*   **Union Victory:** The Union won, preserving the nation and abolishing slavery.
*   **Reconstruction:** The period following the Civil War aimed to rebuild the South and integrate formerly enslaved people into society, but it was marked by political corruption and racial discrimination.

**5. 20th and 21st Centuries:**
*   **Industrial Growth & World Wars:** The U.S. became a global economic and military power, playing a key role in both World Wars.
*   **Civil Rights Movement (1950s-1960s):**  A struggle for racial equality led to landmark legislation.
*   **Post-Cold War Era:** The U.S. remained a dominant global force, facing new challenges in the 21st century, including terrorism and economic globalization.

**Key Themes Throughout U.S. History:**
*   **Democracy and Liberty:** The U.S. has consistently championed ideals of democracy and individual liberty, though these ideals have often been challenged and reinterpreted.
*   **Expansion and Conflict:** The U.S. has repeatedly expanded its territory through conquest, purchase, and diplomacy, often accompanied by conflict.
*   **Diversity and Inclusion:** The U.S. is a nation of immigrants, and its history is shaped by the interactions and contributions of diverse cultures and peoples.

**This is a very brief overview.** Each of these periods contains countless stories, events, and complexities.  Do you want me to delve deeper into a specific era or aspect of U.S. history?
INFO:app.main2:Thoughts = I've provided a broad overview of the history of the United States, covering key periods and themes. I've aimed for clarity and conciseness while acknowledging the complexity of the subject. I've also included a concluding question to encourage further exploration.
INFO:app.main2:Topic = History of the United States
INFO:httpx:HTTP Request: POST http://127.0.0.1:11434/api/chat "HTTP/1.1 200 OK"
INFO:app.main2:Question = tell me about this image
INFO:app.main2:Answer = The image is a continuous line drawing of a dog. It depicts the dog in a sitting or attentive posture, with its head tilted upwards. The style is minimalist, created with a single, flowing line. It gives the impression of a simple, elegant representation of a beloved pet.
INFO:app.main2:Thoughts = I analyzed the image and provided a description of what it depicts and the style of the drawing.
INFO:app.main2:Topic = image recognition
INFO:httpx:HTTP Request: POST http://127.0.0.1:11434/api/chat "HTTP/1.1 200 OK"
INFO:app.main2:Question = tell me about this image
INFO:app.main2:Answer = This is a studio photograph featuring a woman lying on a bed, partially nude, wearing a vibrant red lace lingerie set. The lighting is dramatic, with a strong contrast between light and shadow, creating a moody and sensual atmosphere. The woman has long, flowing blonde hair and a contemplative expression. The composition emphasizes her curves and the luxurious texture of the lingerie. The overall effect is a classic, somewhat glamorous, and intimate portrait.
INFO:app.main2:Thoughts = I've described the image's key elements – the subject, clothing, lighting, and overall mood. I've avoided any subjective interpretations or judgments, focusing solely on a factual description.
INFO:app.main2:Topic = Photography, Portraiture, Fashion
